[    0.000000] Linux version 4.15.0-91-generic (buildd@lgw01-amd64-013) (gcc version 7.4.0 (Ubuntu 7.4.0-1ubuntu1~18.04.1)) #92-Ubuntu SMP Fri Feb 28 11:09:48 UTC 2020 (Ubuntu 4.15.0-91.92-generic 4.15.18)
[    0.000000] Command line: BOOT_IMAGE=/boot/vmlinuz-4.15.0-91-generic root=UUID=aac03293-c0ac-4bf0-a829-be8d31d9d5f4 ro console=tty1 console=ttyS0
[    0.000000] KERNEL supported cpus:
[    0.000000]   Intel GenuineIntel
[    0.000000]   AMD AuthenticAMD
[    0.000000]   Centaur CentaurHauls
[    0.000000] x86/fpu: Supporting XSAVE feature 0x001: 'x87 floating point registers'
[    0.000000] x86/fpu: Supporting XSAVE feature 0x002: 'SSE registers'
[    0.000000] x86/fpu: Supporting XSAVE feature 0x004: 'AVX registers'
[    0.000000] x86/fpu: xstate_offset[2]:  576, xstate_sizes[2]:  256
[    0.000000] x86/fpu: Enabled xstate features 0x7, context size is 832 bytes, using 'standard' format.
[    0.000000] e820: BIOS-provided physical RAM map:
[    0.000000] BIOS-e820: [mem 0x0000000000000000-0x000000000009fbff] usable
[    0.000000] BIOS-e820: [mem 0x000000000009fc00-0x000000000009ffff] reserved
[    0.000000] BIOS-e820: [mem 0x00000000000f0000-0x00000000000fffff] reserved
[    0.000000] BIOS-e820: [mem 0x0000000000100000-0x000000003ffeffff] usable
[    0.000000] BIOS-e820: [mem 0x000000003fff0000-0x000000003fffffff] ACPI data
[    0.000000] BIOS-e820: [mem 0x00000000fec00000-0x00000000fec00fff] reserved
[    0.000000] BIOS-e820: [mem 0x00000000fee00000-0x00000000fee00fff] reserved
[    0.000000] BIOS-e820: [mem 0x00000000fffc0000-0x00000000ffffffff] reserved
[    0.000000] NX (Execute Disable) protection: active
[    0.000000] SMBIOS 2.5 present.
[    0.000000] DMI: innotek GmbH VirtualBox/VirtualBox, BIOS VirtualBox 12/01/2006
[    0.000000] Hypervisor detected: KVM
[    0.000000] e820: last_pfn = 0x3fff0 max_arch_pfn = 0x400000000
[    0.000000] MTRR: Disabled
[    0.000000] x86/PAT: MTRRs disabled, skipping PAT initialization too.
[    0.000000] CPU MTRRs all blank - virtualized system.
[    0.000000] x86/PAT: Configuration [0-7]: WB  WT  UC- UC  WB  WT  UC- UC  
[    0.000000] found SMP MP-table at [mem 0x0009fff0-0x0009ffff]
[    0.000000] Scanning 1 areas for low memory corruption
[    0.000000] RAMDISK: [mem 0x35967000-0x36caafff]
[    0.000000] ACPI: Early table checksum verification disabled
[    0.000000] ACPI: RSDP 0x00000000000E0000 000024 (v02 VBOX  )
[    0.000000] ACPI: XSDT 0x000000003FFF0030 00003C (v01 VBOX   VBOXXSDT 00000001 ASL  00000061)
[    0.000000] ACPI: FACP 0x000000003FFF00F0 0000F4 (v04 VBOX   VBOXFACP 00000001 ASL  00000061)
[    0.000000] ACPI: DSDT 0x000000003FFF0470 0022EA (v02 VBOX   VBOXBIOS 00000002 INTL 20100528)
[    0.000000] ACPI: FACS 0x000000003FFF0200 000040
[    0.000000] ACPI: FACS 0x000000003FFF0200 000040
[    0.000000] ACPI: APIC 0x000000003FFF0240 00005C (v02 VBOX   VBOXAPIC 00000001 ASL  00000061)
[    0.000000] ACPI: SSDT 0x000000003FFF02A0 0001CC (v01 VBOX   VBOXCPUT 00000002 INTL 20100528)
[    0.000000] No NUMA configuration found
[    0.000000] Faking a node at [mem 0x0000000000000000-0x000000003ffeffff]
[    0.000000] NODE_DATA(0) allocated [mem 0x3ffc5000-0x3ffeffff]
[    0.000000] kvm-clock: cpu 0, msr 0:3ff44001, primary cpu clock
[    0.000000] kvm-clock: Using msrs 4b564d01 and 4b564d00
[    0.000000] kvm-clock: using sched offset of 4170426262 cycles
[    0.000000] clocksource: kvm-clock: mask: 0xffffffffffffffff max_cycles: 0x1cd42e4dffb, max_idle_ns: 881590591483 ns
[    0.000000] Zone ranges:
[    0.000000]   DMA      [mem 0x0000000000001000-0x0000000000ffffff]
[    0.000000]   DMA32    [mem 0x0000000001000000-0x000000003ffeffff]
[    0.000000]   Normal   empty
[    0.000000]   Device   empty
[    0.000000] Movable zone start for each node
[    0.000000] Early memory node ranges
[    0.000000]   node   0: [mem 0x0000000000001000-0x000000000009efff]
[    0.000000]   node   0: [mem 0x0000000000100000-0x000000003ffeffff]
[    0.000000] Reserved but unavailable: 98 pages
[    0.000000] Initmem setup node 0 [mem 0x0000000000001000-0x000000003ffeffff]
[    0.000000] ACPI: PM-Timer IO Port: 0x4008
[    0.000000] IOAPIC[0]: apic_id 2, version 32, address 0xfec00000, GSI 0-23
[    0.000000] ACPI: INT_SRC_OVR (bus 0 bus_irq 0 global_irq 2 dfl dfl)
[    0.000000] ACPI: INT_SRC_OVR (bus 0 bus_irq 9 global_irq 9 low level)
[    0.000000] Using ACPI (MADT) for SMP configuration information
[    0.000000] smpboot: Allowing 2 CPUs, 0 hotplug CPUs
[    0.000000] PM: Registered nosave memory: [mem 0x00000000-0x00000fff]
[    0.000000] PM: Registered nosave memory: [mem 0x0009f000-0x0009ffff]
[    0.000000] PM: Registered nosave memory: [mem 0x000a0000-0x000effff]
[    0.000000] PM: Registered nosave memory: [mem 0x000f0000-0x000fffff]
[    0.000000] e820: [mem 0x40000000-0xfebfffff] available for PCI devices
[    0.000000] Booting paravirtualized kernel on KVM
[    0.000000] clocksource: refined-jiffies: mask: 0xffffffff max_cycles: 0xffffffff, max_idle_ns: 7645519600211568 ns
[    0.000000] random: get_random_bytes called from start_kernel+0x99/0x4fd with crng_init=0
[    0.000000] setup_percpu: NR_CPUS:8192 nr_cpumask_bits:2 nr_cpu_ids:2 nr_node_ids:1
[    0.000000] percpu: Embedded 45 pages/cpu s147456 r8192 d28672 u1048576
[    0.000000] PV qspinlock hash table entries: 256 (order: 0, 4096 bytes)
[    0.000000] Built 1 zonelists, mobility grouping on.  Total pages: 257913
[    0.000000] Policy zone: DMA32
[    0.000000] Kernel command line: BOOT_IMAGE=/boot/vmlinuz-4.15.0-91-generic root=UUID=aac03293-c0ac-4bf0-a829-be8d31d9d5f4 ro console=tty1 console=ttyS0
[    0.000000] Memory: 982540K/1048120K available (12300K kernel code, 2481K rwdata, 4264K rodata, 2432K init, 2712K bss, 65580K reserved, 0K cma-reserved)
[    0.000000] SLUB: HWalign=64, Order=0-3, MinObjects=0, CPUs=2, Nodes=1
[    0.000000] Kernel/User page tables isolation: enabled
[    0.000000] ftrace: allocating 39347 entries in 154 pages
[    0.004000] Hierarchical RCU implementation.
[    0.004000] 	RCU restricting CPUs from NR_CPUS=8192 to nr_cpu_ids=2.
[    0.004000] 	Tasks RCU enabled.
[    0.004000] RCU: Adjusting geometry for rcu_fanout_leaf=16, nr_cpu_ids=2
[    0.004000] NR_IRQS: 524544, nr_irqs: 440, preallocated irqs: 16
[    0.004000] Console: colour VGA+ 80x25
[    0.004000] console [tty1] enabled
[    0.004000] console [ttyS0] enabled
[    0.004000] ACPI: Core revision 20170831
[    0.004000] ACPI: 2 ACPI AML tables successfully acquired and loaded
[    0.004000] APIC: Switch to symmetric I/O mode setup
[    0.004000] x2apic enabled
[    0.004000] Switched APIC routing to physical x2apic.
[    0.005359] ..TIMER: vector=0x30 apic1=0 pin1=2 apic2=-1 pin2=-1
[    0.008007] tsc: Detected 1608.000 MHz processor
[    0.012015] Calibrating delay loop (skipped) preset value.. 3216.00 BogoMIPS (lpj=6432000)
[    0.014582] pid_max: default: 32768 minimum: 301
[    0.016053] Security Framework initialized
[    0.017353] Yama: becoming mindful.
[    0.018478] AppArmor: AppArmor initialized
[    0.020193] Dentry cache hash table entries: 131072 (order: 8, 1048576 bytes)
[    0.022534] Inode-cache hash table entries: 65536 (order: 7, 524288 bytes)
[    0.024027] Mount-cache hash table entries: 2048 (order: 2, 16384 bytes)
[    0.025884] Mountpoint-cache hash table entries: 2048 (order: 2, 16384 bytes)
[    0.028316] Last level iTLB entries: 4KB 64, 2MB 8, 4MB 8
[    0.029978] Last level dTLB entries: 4KB 64, 2MB 0, 4MB 0, 1GB 4
[    0.032008] Spectre V1 : Mitigation: usercopy/swapgs barriers and __user pointer sanitization
[    0.034422] Spectre V2 : Mitigation: Full generic retpoline
[    0.036003] Spectre V2 : Spectre v2 / SpectreRSB mitigation: Filling RSB on context switch
[    0.037756] Speculative Store Bypass: Vulnerable
[    0.040047] MDS: Mitigation: Clear CPU buffers
[    0.041218] Freeing SMP alternatives memory: 36K
[    0.152365] smpboot: CPU0: Intel(R) Core(TM) i5-8210Y CPU @ 1.60GHz (family: 0x6, model: 0x8e, stepping: 0x9)
[    0.154726] Performance Events: unsupported p6 CPU model 142 no PMU driver, software events only.
[    0.156035] Hierarchical SRCU implementation.
[    0.157816] NMI watchdog: Perf event create on CPU 0 failed with -2
[    0.160002] NMI watchdog: Perf NMI watchdog permanently disabled
[    0.161336] smp: Bringing up secondary CPUs ...
[    0.162409] x86: Booting SMP configuration:
[    0.163320] .... node  #0, CPUs:      #1
[    0.004000] kvm-clock: cpu 1, msr 0:3ff44041, secondary cpu clock
[    0.168019] smp: Brought up 1 node, 2 CPUs
[    0.169671] smpboot: Max logical packages: 1
[    0.170578] smpboot: Total of 2 processors activated (6432.00 BogoMIPS)
[    0.172065] devtmpfs: initialized
[    0.172798] x86/mm: Memory block size: 128MB
[    0.173844] evm: security.selinux
[    0.174718] evm: security.SMACK64
[    0.175816] evm: security.SMACK64EXEC
[    0.176004] evm: security.SMACK64TRANSMUTE
[    0.176906] evm: security.SMACK64MMAP
[    0.177729] evm: security.apparmor
[    0.178494] evm: security.ima
[    0.180004] evm: security.capability
[    0.180875] clocksource: jiffies: mask: 0xffffffff max_cycles: 0xffffffff, max_idle_ns: 7645041785100000 ns
[    0.184033] futex hash table entries: 512 (order: 3, 32768 bytes)
[    0.187381] pinctrl core: initialized pinctrl subsystem
[    0.188123] RTC time: 12:09:31, date: 03/22/20
[    0.189210] NET: Registered protocol family 16
[    0.192088] audit: initializing netlink subsys (disabled)
[    0.193350] audit: type=2000 audit(1584878977.178:1): state=initialized audit_enabled=0 res=1
[    0.196014] cpuidle: using governor ladder
[    0.197205] cpuidle: using governor menu
[    0.198519] ACPI: bus type PCI registered
[    0.199435] acpiphp: ACPI Hot Plug PCI Controller Driver version: 0.5
[    0.200153] PCI: Using configuration type 1 for base access
[    0.204210] HugeTLB registered 2.00 MiB page size, pre-allocated 0 pages
[    0.205962] ACPI: Added _OSI(Module Device)
[    0.208011] ACPI: Added _OSI(Processor Device)
[    0.209288] ACPI: Added _OSI(3.0 _SCP Extensions)
[    0.210627] ACPI: Added _OSI(Processor Aggregator Device)
[    0.212006] ACPI: Added _OSI(Linux-Dell-Video)
[    0.213391] ACPI: Added _OSI(Linux-Lenovo-NV-HDMI-Audio)
[    0.214963] ACPI: Added _OSI(Linux-HPI-Hybrid-Graphics)
[    0.216453] ACPI: Executed 1 blocks of module-level executable AML code
[    0.223182] ACPI: Interpreter enabled
[    0.224023] ACPI: (supports S0 S5)
[    0.225559] ACPI: Using IOAPIC for interrupt routing
[    0.228456] PCI: Using host bridge windows from ACPI; if necessary, use "pci=nocrs" and report a bug
[    0.232219] ACPI: Enabled 2 GPEs in block 00 to 07
[    0.248360] ACPI: PCI Root Bridge [PCI0] (domain 0000 [bus 00-ff])
[    0.250961] acpi PNP0A03:00: _OSC: OS supports [ASPM ClockPM Segments MSI]
[    0.253167] acpi PNP0A03:00: _OSC: not requesting OS control; OS requires [ExtendedConfig ASPM ClockPM MSI]
[    0.256017] acpi PNP0A03:00: fail to add MMCONFIG information, can't access extended PCI configuration space under this bridge.
[    0.264493] PCI host bridge to bus 0000:00
[    0.266233] pci_bus 0000:00: root bus resource [io  0x0000-0x0cf7 window]
[    0.268005] pci_bus 0000:00: root bus resource [io  0x0d00-0xffff window]
[    0.270451] pci_bus 0000:00: root bus resource [mem 0x000a0000-0x000bffff window]
[    0.272005] pci_bus 0000:00: root bus resource [mem 0x40000000-0xfdffffff window]
[    0.276026] pci_bus 0000:00: root bus resource [bus 00-ff]
[    0.284903] pci 0000:00:01.1: legacy IDE quirk: reg 0x10: [io  0x01f0-0x01f7]
[    0.287324] pci 0000:00:01.1: legacy IDE quirk: reg 0x14: [io  0x03f6]
[    0.288006] pci 0000:00:01.1: legacy IDE quirk: reg 0x18: [io  0x0170-0x0177]
[    0.292004] pci 0000:00:01.1: legacy IDE quirk: reg 0x1c: [io  0x0376]
[    0.312462] pci 0000:00:07.0: quirk: [io  0x4000-0x403f] claimed by PIIX4 ACPI
[    0.314774] pci 0000:00:07.0: quirk: [io  0x4100-0x410f] claimed by PIIX4 SMB
[    0.327098] ACPI: PCI Interrupt Link [LNKA] (IRQs 5 9 10 *11)
[    0.328331] ACPI: PCI Interrupt Link [LNKB] (IRQs 5 9 *10 11)
[    0.329649] ACPI: PCI Interrupt Link [LNKC] (IRQs 5 *9 10 11)
[    0.332085] ACPI: PCI Interrupt Link [LNKD] (IRQs 5 9 10 *11)
[    0.333641] SCSI subsystem initialized
[    0.334506] pci 0000:00:02.0: vgaarb: setting as boot VGA device
[    0.334506] pci 0000:00:02.0: vgaarb: VGA device added: decodes=io+mem,owns=io+mem,locks=none
[    0.336010] pci 0000:00:02.0: vgaarb: bridge control possible
[    0.337242] vgaarb: loaded
[    0.340033] ACPI: bus type USB registered
[    0.340921] usbcore: registered new interface driver usbfs
[    0.342110] usbcore: registered new interface driver hub
[    0.344024] usbcore: registered new device driver usb
[    0.345189] EDAC MC: Ver: 3.0.0
[    0.345189] PCI: Using ACPI for IRQ routing
[    0.345620] NetLabel: Initializing
[    0.348010] NetLabel:  domain hash size = 128
[    0.348966] NetLabel:  protocols = UNLABELED CIPSOv4 CALIPSO
[    0.350996] NetLabel:  unlabeled traffic allowed by default
[    0.352133] clocksource: Switched to clocksource kvm-clock
[    0.367028] VFS: Disk quotas dquot_6.6.0
[    0.368744] VFS: Dquot-cache hash table entries: 512 (order 0, 4096 bytes)
[    0.370273] AppArmor: AppArmor Filesystem Enabled
[    0.371312] pnp: PnP ACPI init
[    0.373495] pnp: PnP ACPI: found 3 devices
[    0.383348] clocksource: acpi_pm: mask: 0xffffff max_cycles: 0xffffff, max_idle_ns: 2085701024 ns
[    0.386156] NET: Registered protocol family 2
[    0.387269] TCP established hash table entries: 8192 (order: 4, 65536 bytes)
[    0.388820] TCP bind hash table entries: 8192 (order: 5, 131072 bytes)
[    0.391727] TCP: Hash tables configured (established 8192 bind 8192)
[    0.393191] UDP hash table entries: 512 (order: 2, 16384 bytes)
[    0.394431] UDP-Lite hash table entries: 512 (order: 2, 16384 bytes)
[    0.395824] NET: Registered protocol family 1
[    0.396823] pci 0000:00:00.0: Limiting direct PCI/PCI transfers
[    0.398111] pci 0000:00:01.0: Activating ISA DMA hang workarounds
[    0.399448] pci 0000:00:02.0: Video device with shadowed ROM at [mem 0x000c0000-0x000dffff]
[    0.401405] Unpacking initramfs...
[    0.695603] Freeing initrd memory: 19728K
[    0.697723] clocksource: tsc: mask: 0xffffffffffffffff max_cycles: 0x172daa3a18b, max_idle_ns: 440795212390 ns
[    0.701318] platform rtc_cmos: registered platform RTC device (no PNP device found)
[    0.702983] Scanning for low memory corruption every 60 seconds
[    0.705172] Initialise system trusted keyrings
[    0.706818] Key type blacklist registered
[    0.707752] workingset: timestamp_bits=36 max_order=18 bucket_order=0
[    0.709990] zbud: loaded
[    0.711063] squashfs: version 4.0 (2009/01/31) Phillip Lougher
[    0.712758] fuse init (API version 7.26)
[    0.717898] Key type asymmetric registered
[    0.718785] Asymmetric key parser 'x509' registered
[    0.719836] Block layer SCSI generic (bsg) driver version 0.4 loaded (major 246)
[    0.721529] io scheduler noop registered
[    0.722378] io scheduler deadline registered
[    0.723303] io scheduler cfq registered (default)
[    0.724953] ACPI: AC Adapter [AC] (off-line)
[    0.725942] input: Power Button as /devices/LNXSYSTM:00/LNXPWRBN:00/input/input0
[    0.728223] ACPI: Power Button [PWRF]
[    0.729534] input: Sleep Button as /devices/LNXSYSTM:00/LNXSLPBN:00/input/input1
[    0.731092] ACPI: Sleep Button [SLPF]
[    0.733645] ACPI: Battery Slot [BAT0] (battery present)
[    0.735614] Serial: 8250/16550 driver, 32 ports, IRQ sharing enabled
[    0.757971] 00:02: ttyS0 at I/O 0x3f8 (irq = 4, base_baud = 115200) is a 16550A
[    0.764673] Linux agpgart interface v0.103
[    0.769116] loop: module loaded
[    0.770549] scsi host0: ata_piix
[    0.771831] scsi host1: ata_piix
[    0.772691] ata1: PATA max UDMA/33 cmd 0x1f0 ctl 0x3f6 bmdma 0xd000 irq 14
[    0.774155] ata2: PATA max UDMA/33 cmd 0x170 ctl 0x376 bmdma 0xd008 irq 15
[    0.776292] libphy: Fixed MDIO Bus: probed
[    0.777201] tun: Universal TUN/TAP device driver, 1.6
[    0.778365] PPP generic driver version 2.4.2
[    0.779377] ehci_hcd: USB 2.0 'Enhanced' Host Controller (EHCI) Driver
[    0.780783] ehci-pci: EHCI PCI platform driver
[    0.781759] ehci-platform: EHCI generic platform driver
[    0.782885] ohci_hcd: USB 1.1 'Open' Host Controller (OHCI) Driver
[    0.784219] ohci-pci: OHCI PCI platform driver
[    0.785230] ohci-platform: OHCI generic platform driver
[    0.786336] uhci_hcd: USB Universal Host Controller Interface driver
[    0.787692] i8042: PNP: PS/2 Controller [PNP0303:PS2K,PNP0f03:PS2M] at 0x60,0x64 irq 1,12
[    0.790641] serio: i8042 KBD port at 0x60,0x64 irq 1
[    0.792208] serio: i8042 AUX port at 0x60,0x64 irq 12
[    0.793554] mousedev: PS/2 mouse device common for all mice
[    0.795365] input: AT Translated Set 2 keyboard as /devices/platform/i8042/serio0/input/input2
[    0.797459] rtc_cmos rtc_cmos: rtc core: registered rtc_cmos as rtc0
[    0.798857] rtc_cmos rtc_cmos: alarms up to one day, 114 bytes nvram
[    0.800198] i2c /dev entries driver
[    0.801085] device-mapper: uevent: version 1.0.3
[    0.802193] device-mapper: ioctl: 4.37.0-ioctl (2017-09-20) initialised: dm-devel@redhat.com
[    0.804060] ledtrig-cpu: registered to indicate activity on CPUs
[    0.806188] NET: Registered protocol family 10
[    0.811488] Segment Routing with IPv6
[    0.812482] NET: Registered protocol family 17
[    0.813519] Key type dns_resolver registered
[    0.814681] mce: Using 0 MCE banks
[    0.815820] RAS: Correctable Errors collector initialized.
[    0.817022] sched_clock: Marking stable (817001476, 0)->(1006678413, -189676937)
[    0.818967] registered taskstats version 1
[    0.819849] Loading compiled-in X.509 certificates
[    0.823556] Loaded X.509 cert 'Build time autogenerated kernel key: d019e8c5f4cbc828f6af43369f65a014a3a68371'
[    0.826206] zswap: loaded using pool lzo/zbud
[    0.831035] Key type big_key registered
[    0.832155] Key type trusted registered
[    0.835344] Key type encrypted registered
[    0.836657] AppArmor: AppArmor sha1 policy hashing enabled
[    0.837850] ima: No TPM chip found, activating TPM-bypass! (rc=-19)
[    0.839131] ima: Allocated hash algorithm: sha1
[    0.840094] evm: HMAC attrs: 0x1
[    0.841182]   Magic number: 12:522:178
[    0.842038]  platform: hash matches
[    0.842861] rtc_cmos rtc_cmos: setting system clock to 2020-03-22 12:09:32 UTC (1584878972)
[    0.844845] BIOS EDD facility v0.16 2004-Jun-25, 0 devices found
[    0.846501] EDD information not available.
[    0.944775] Freeing unused kernel image memory: 2432K
[    0.956708] Write protecting the kernel read-only data: 20480k
[    0.959671] Freeing unused kernel image memory: 2008K
[    0.962428] Freeing unused kernel image memory: 1880K
[    0.972611] x86/mm: Checked W+X mappings: passed, no W+X pages found.
[    0.975121] x86/mm: Checking user space page tables
[    0.983675] x86/mm: Checked W+X mappings: passed, no W+X pages found.
Loading, please wait...
starting version 237
[    1.049116] e1000: Intel(R) PRO/1000 Network Driver - version 7.3.21-k8-NAPI
[    1.051361] e1000: Copyright (c) 1999-2006 Intel Corporation.
[    1.053419] Fusion MPT base driver 3.04.20
[    1.055085] Copyright (c) 1999-2008 LSI Corporation
[    1.069943] Fusion MPT SPI Host driver 3.04.20
[    1.076921] AVX2 version of gcm_enc/dec engaged.
[    1.077984] AES CTR mode by8 optimization enabled
[    1.272410] input: ImExPS/2 Generic Explorer Mouse as /devices/platform/i8042/serio1/input/input4
[    1.475401] e1000 0000:00:03.0 eth0: (PCI:33MHz:32-bit) 02:b7:1f:33:e9:24
[    1.477422] e1000 0000:00:03.0 eth0: Intel(R) PRO/1000 Network Connection
[    1.878129] e1000 0000:00:08.0 eth1: (PCI:33MHz:32-bit) 08:00:27:5a:7c:af
[    1.880427] e1000 0000:00:08.0 eth1: Intel(R) PRO/1000 Network Connection
[    1.883279] e1000 0000:00:03.0 enp0s3: renamed from eth0
[    1.900526] mptbase: ioc0: Initiating bringup
[    1.909516] e1000 0000:00:08.0 enp0s8: renamed from eth1
[    2.137606] ioc0: LSI53C1030 A0: Capabilities={Initiator}
[    3.138511] scsi host2: ioc0: LSI53C1030 A0, FwRev=00000000h, Ports=1, MaxQ=256, IRQ=20
[    3.623959] scsi 2:0:0:0: Direct-Access     VBOX     HARDDISK         1.0  PQ: 0 ANSI: 5
[    3.660401] scsi target2:0:0: Beginning Domain Validation
[    3.665300] scsi target2:0:0: Domain Validation skipping write tests
[    3.666837] scsi target2:0:0: Ending Domain Validation
[    3.668134] scsi target2:0:0: asynchronous
[    3.669968] scsi 2:0:1:0: Direct-Access     VBOX     HARDDISK         1.0  PQ: 0 ANSI: 5
[    3.700377] scsi target2:0:1: Beginning Domain Validation
[    3.705964] random: fast init done
[    3.708048] scsi target2:0:1: Domain Validation skipping write tests
[    3.709759] scsi target2:0:1: Ending Domain Validation
[    3.711330] scsi target2:0:1: asynchronous
[    3.717449] random: systemd-udevd: uninitialized urandom read (16 bytes read)
[    3.717513] sd 2:0:0:0: Attached scsi generic sg0 type 0
[    3.719802] random: systemd-udevd: uninitialized urandom read (16 bytes read)
[    3.721189] sd 2:0:1:0: Attached scsi generic sg1 type 0
[    3.723284] random: systemd-udevd: uninitialized urandom read (16 bytes read)
[    3.726469] sd 2:0:0:0: [sda] 20971520 512-byte logical blocks: (10.7 GB/10.0 GiB)
[    3.726505] sd 2:0:1:0: [sdb] 20480 512-byte logical blocks: (10.5 MB/10.0 MiB)
[    3.728866] sd 2:0:0:0: [sda] Write Protect is off
[    3.731589] sd 2:0:1:0: [sdb] Write Protect is off
[    3.732164] sd 2:0:0:0: [sda] Incomplete mode parameter data
[    3.734488] sd 2:0:0:0: [sda] Assuming drive cache: write through
[    3.735921] sd 2:0:1:0: [sdb] Incomplete mode parameter data
[    3.737422] sd 2:0:1:0: [sdb] Assuming drive cache: write through
[    3.741423]  sda: sda1
[    3.743967] sd 2:0:0:0: [sda] Attached SCSI disk
[    3.745706] sd 2:0:1:0: [sdb] Attached SCSI disk
Begin: Loading essential drivers ... [    5.156492] raid6: sse2x1   gen() 12108 MB/s
[    5.204266] raid6: sse2x1   xor()  8661 MB/s
[    5.252195] raid6: sse2x2   gen() 14683 MB/s
[    5.300307] raid6: sse2x2   xor() 10069 MB/s
[    5.348525] raid6: sse2x4   gen() 17255 MB/s
[    5.396009] raid6: sse2x4   xor() 10335 MB/s
[    5.444174] raid6: avx2x1   gen() 23182 MB/s
[    5.492175] raid6: avx2x1   xor() 16936 MB/s
[    5.540313] raid6: avx2x2   gen() 28132 MB/s
[    5.588219] raid6: avx2x2   xor() 18225 MB/s
[    5.636212] raid6: avx2x4   gen() 33229 MB/s
[    5.684194] raid6: avx2x4   xor() 20580 MB/s
[    5.685410] raid6: using algorithm avx2x4 gen() 33229 MB/s
[    5.686876] raid6: .... xor() 20580 MB/s, rmw enabled
[    5.688294] raid6: using avx2x2 recovery algorithm
[    5.690670] xor: automatically using best checksumming function   avx       
[    5.694487] async_tx: api initialized (async)
done.
Begin: Running /scripts/init-premount ... done.
Begin: Mounting root file system ... Begin: Running /scripts/local-top ... done.
Begin: Running /scripts/local-premount ... [    5.736976] Btrfs loaded, crc32c=crc32c-intel
Scanning for Btrfs filesystems
done.
Warning: fsck not present, so skipping root file system
[    5.778458] EXT4-fs (sda1): mounted filesystem with ordered data mode. Opts: (null)
done.
Begin: Running /scripts/local-bottom ... done.
Begin: Running /scripts/init-bottom ... done.
[    6.044228] ip_tables: (C) 2000-2006 Netfilter Core Team
[    6.061216] systemd[1]: systemd 237 running in system mode. (+PAM +AUDIT +SELINUX +IMA +APPARMOR +SMACK +SYSVINIT +UTMP +LIBCRYPTSETUP +GCRYPT +GNUTLS +ACL +XZ +LZ4 +SECCOMP +BLKID +ELFUTILS +KMOD -IDN2 +IDN -PCRE2 default-hierarchy=hybrid)
[    6.066719] systemd[1]: Detected virtualization oracle.
[    6.067936] systemd[1]: Detected architecture x86-64.

Welcome to [1mUbuntu 18.04.3 LTS[0m!

[    6.078304] systemd[1]: Set hostname to <ubuntu-bionic>.
[    6.439541] systemd[1]: Reached target Swap.
[[0;32m  OK  [0m] Reached target Swap.
[    6.441593] systemd[1]: Set up automount Arbitrary Executable File Formats File System Automount Point.
[[0;32m  OK  [0m] Set up automount Arbitrary Executab…rmats File System Automount Point.
[    6.444695] systemd[1]: Reached target System Time Synchronized.
[[0;32m  OK  [0m] Reached target System Time Synchronized.
[    6.446921] systemd[1]: Reached target User and Group Name Lookups.
[[0;32m  OK  [0m] Reached target User and Group Name Lookups.
[    6.449367] systemd[1]: Started Forward Password Requests to Wall Directory Watch.
[[0;32m  OK  [0m] Started Forward Password Requests to Wall Directory Watch.
[    6.454677] systemd[1]: Created slice User and Session Slice.
[[0;32m  OK  [0m] Created slice User and Session Slice.
[[0;32m  OK  [0m] Created slice System Slice.
[[0;32m  OK  [0m] Listening on Journal Socket.
[[0;32m  OK  [0m] Listening on Network Service Netlink Socket.
[[0;32m  OK  [0m] Listening on udev Kernel Socket.
[[0;32m  OK  [0m] Listening on Journal Socket (/dev/log).
         Mounting Huge Pages File System...
         Starting Load Kernel Modules...
[[0;32m  OK  [0m] Listening on Device-mapper event daemon FIFOs.
         Starting Remount Root and Kernel File Systems...
[[0;32m  OK  [0m] Created slice system-serial\x2dgetty.slice.
         Mounting Kernel Debug File System...
[    6.501524] Loading iSCSI transport class v2.0-870.
         Mounting POSIX Message Queue File System...
         Starting Uncomplicated firewall...
[[0;32m  OK  [0m] Listening on udev Control Socket.
         Starting udev Coldplug all Devices...
[[0;32m  OK  [0m] Listening on Journal Audit Socket.
[[0;32m  OK  [0m] Listening on LVM2 poll daemon socket.
         Starting Set the console keyboard layout...
[[0;32m  OK  [0m] Listening on LVM2 metadata daemon socket.
         Starting Monitoring of LVM2 mirrors…ng dmeventd or progress polling...
         Starting Create list of required st…ce nodes for the current kernel...
[    6.521996] iscsi: registered transport (tcp)
[[0;32m  OK  [0m] Listening on Syslog Socket.
         Starting Journal Service...
[[0;32m  OK  [0m] Listening on /dev/initctl Compatibility Named Pipe.
[[0;32m  OK  [0m] Reached target Slices.
[[0;32m  OK  [0m] Mounted Huge Pages File System.
[[0;32m  OK  [0m] Mounted Kernel Debug File System.
[[0;32m  OK  [0m] Mounted POSIX Message Queue File System.
[[0;32m  OK  [0m] Started Uncomplicated firewall.
[[0;32m  OK  [0m] Started udev Coldplug all Devices.
[[0;32m  OK  [0m] Started LVM2 metadata daemon.
[    6.601033] EXT4-fs (sda1): re-mounted. Opts: (null)
[[0;32m  OK  [0m] Started Create list of required sta…vice nodes for the current kernel.
[[0;32m  OK  [0m] Started Remount Root and Kernel File Systems.
[    6.619962] iscsi: registered transport (iser)
         Starting Load/Save Random Seed...
         Starting Create Static Device Nodes in /dev...
[[0;32m  OK  [0m] Started Load Kernel Modules.
         Starting Apply Kernel Variables...
         Mounting Kernel Configuration File System...
         Mounting FUSE Control File System...
[[0;32m  OK  [0m] Mounted Kernel Configuration File System.
[[0;32m  OK  [0m] Mounted FUSE Control File System.
[[0;32m  OK  [0m] Started Monitoring of LVM2 mirrors,…sing dmeventd or progress polling.
[[0;32m  OK  [0m] Started Load/Save Random Seed.
[[0;32m  OK  [0m] Started Journal Service.
         Starting Flush Journal to Persistent Storage...
[[0;32m  OK  [0m] Started Create Static Device Nodes in /dev.
         Starting udev Kernel Device Manager...
[[0;32m  OK  [0m] Started Apply Kernel Variables.
[[0;32m  OK  [0m] Started Set the console keyboard layout.
[[0;32m  OK  [0m] Reached target Local File Systems (Pre).
[[0;32m  OK  [0m] Reached target Local File Systems.
         Starting AppArmor initialization...
         Starting ebtables ruleset management...
         Starting Tell Plymouth To Write Out Runtime Data...
         Starting Set console font and keymap...
[[0;32m  OK  [0m] Started Tell Plymouth To Write Out Runtime Data.
[[0;32m  OK  [0m] Started Set console font and keymap.
[[0;32m  OK  [0m] Started udev Kernel Device Manager.
[[0;32m  OK  [0m] Started Dispatch Password Requests to Console Directory Watch.
[[0;32m  OK  [0m] Reached target Local Encrypted Volumes.
[[0;32m  OK  [0m] Started Flush Journal to Persistent Storage.
         Starting Create Volatile Files and Directories...
[[0;32m  OK  [0m] Started ebtables ruleset management.
[[0;32m  OK  [0m] Started Create Volatile Files and Directories.
         Starting Update UTMP about System Boot/Shutdown...
[[0;32m  OK  [0m] Started Update UTMP about System Boot/Shutdown.
[[0;32m  OK  [0m] Found device /dev/ttyS0.
[[0;32m  OK  [0m] Started AppArmor initialization.
         Starting Initial cloud-init job (pre-networking)...
[[0;32m  OK  [0m] Listening on Load/Save RF Kill Switch Status /dev/rfkill Watch.
[    9.127018] cloud-init[523]: Cloud-init v. 19.3-41-gc4735dd3-0ubuntu1~18.04.1 running 'init-local' at Sun, 22 Mar 2020 12:09:40 +0000. Up 8.87 seconds.
[[0;32m  OK  [0m] Started Initial cloud-init job (pre-networking).
[[0;32m  OK  [0m] Reached target Network (Pre).
         Starting Network Service...
[[0;32m  OK  [0m] Started Network Service.
         Starting Wait for Network to be Configured...
         Starting Network Name Resolution...
[[0;32m  OK  [0m] Started Network Name Resolution.
[[0;32m  OK  [0m] Reached target Host and Network Name Lookups.
[[0;32m  OK  [0m] Reached target Network.
[[0;32m  OK  [0m] Started Wait for Network to be Configured.
         Starting Initial cloud-init job (metadata service crawler)...
[   11.512468] cloud-init[664]: Cloud-init v. 19.3-41-gc4735dd3-0ubuntu1~18.04.1 running 'init' at Sun, 22 Mar 2020 12:09:42 +0000. Up 11.27 seconds.
[   11.515846] cloud-init[664]: ci-info: ++++++++++++++++++++++++++++++++++++++Net device info+++++++++++++++++++++++++++++++++++++++
[   11.518881] cloud-init[664]: ci-info: +--------+------+-----------------------------+---------------+--------+-------------------+
[   11.522203] cloud-init[664]: ci-info: | Device |  Up  |           Address           |      Mask     | Scope  |     Hw-Address    |
[   11.525534] cloud-init[664]: ci-info: +--------+------+-----------------------------+---------------+--------+-------------------+
[   11.528410] cloud-init[664]: ci-info: | enp0s3 | True |          10.0.2.15          | 255.255.255.0 | global | 02:b7:1f:33:e9:24 |
[   11.540634] cloud-init[664]: ci-info: | enp0s3 | True |  fe80::b7:1fff:fe33:e924/64 |       .       |  link  | 02:b7:1f:33:e9:24 |
[   11.543814] cloud-init[664]: ci-info: | enp0s8 | True |        192.168.33.10        | 255.255.255.0 | global | 08:00:27:5a:7c:af |
[   11.557728] cloud-init[664]: ci-info: | enp0s8 | True | fe80::a00:27ff:fe5a:7caf/64 |       .       |  link  | 08:00:27:5a:7c:af |
[   11.560901] cloud-init[664]: ci-info: |   lo   | True |          127.0.0.1          |   255.0.0.0   |  host  |         .         |
[   11.563219] cloud-init[664]: ci-info: |   lo   | True |           ::1/128           |       .       |  host  |         .         |
[   11.565206] cloud-init[664]: ci-info: +--------+------+-----------------------------+---------------+--------+-------------------+
[   11.568072] cloud-init[664]: ci-info: +++++++++++++++++++++++++++++Route IPv4 info+++++++++++++++++++++++++++++
[   11.570485] cloud-init[664]: ci-info: +-------+--------------+----------+-----------------+-----------+-------+
[   11.572622] cloud-init[664]: ci-info: | Route | Destination  | Gateway  |     Genmask     | Interface | Flags |
[   11.574614] cloud-init[664]: ci-info: +-------+--------------+----------+-----------------+-----------+-------+
[   11.576693] cloud-init[664]: ci-info: |   0   |   0.0.0.0    | 10.0.2.2 |     0.0.0.0     |   enp0s3  |   UG  |
[   11.579159] cloud-init[664]: ci-info: |   1   |   10.0.2.0   | 0.0.0.0  |  255.255.255.0  |   enp0s3  |   U   |
[   11.592288] cloud-init[664]: ci-info: |   2   |   10.0.2.2   | 0.0.0.0  | 255.255.255.255 |   enp0s3  |   UH  |
[   11.595488] cloud-init[664]: ci-info: |   3   | 192.168.33.0 | 0.0.0.0  |  255.255.255.0  |   enp0s8  |   U   |
[   11.608494] cloud-init[664]: ci-info: +-------+--------------+----------+-----------------+-----------+-------+
[   11.610844] cloud-init[664]: ci-info: +++++++++++++++++++Route IPv6 info+++++++++++++++++++
[   11.612720] cloud-init[664]: ci-info: +-------+-------------+---------+-----------+-------+
[   11.614031] cloud-init[664]: ci-info: | Route | Destination | Gateway | Interface | Flags |
[   11.615274] cloud-init[664]: ci-info: +-------+-------------+---------+-----------+-------+
[   11.617576] cloud-init[664]: ci-info: |   1   |  fe80::/64  |    ::   |   enp0s8  |   U   |
[   11.619552] cloud-init[664]: ci-info: |   2   |  fe80::/64  |    ::   |   enp0s3  |   U   |
[   11.621368] cloud-init[664]: ci-info: |   4   |    local    |    ::   |   enp0s3  |   U   |
[   11.623371] cloud-init[664]: ci-info: |   5   |    local    |    ::   |   enp0s8  |   U   |
[   11.625309] cloud-init[664]: ci-info: |   6   |   ff00::/8  |    ::   |   enp0s8  |   U   |
[   11.627147] cloud-init[664]: ci-info: |   7   |   ff00::/8  |    ::   |   enp0s3  |   U   |
[   11.628871] cloud-init[664]: ci-info: +-------+-------------+---------+-----------+-------+
[[0;32m  OK  [0m] Started Initial cloud-init job (metadata service crawler).
[[0;32m  OK  [0m] Reached target Cloud-config availability.
[[0;32m  OK  [0m] Reached target System Initialization.
         Starting Socket activation for snappy daemon.
[[0;32m  OK  [0m] Started Message of the Day.
[[0;32m  OK  [0m] Started Daily Cleanup of Temporary Directories.
[[0;32m  OK  [0m] Started ACPI Events Check.
[[0;32m  OK  [0m] Listening on UUID daemon activation socket.
[[0;32m  OK  [0m] Listening on Open-iSCSI iscsid Socket.
[[0;32m  OK  [0m] Reached target Paths.
[[0;32m  OK  [0m] Listening on ACPID Listen Socket.
[[0;32m  OK  [0m] Started Daily apt download activities.
[[0;32m  OK  [0m] Started Daily apt upgrade and clean activities.
[[0;32m  OK  [0m] Started Discard unused blocks once a week.
[[0;32m  OK  [0m] Reached target Timers.
         Starting LXD - unix socket.
[[0;32m  OK  [0m] Listening on D-Bus System Message Bus Socket.
[[0;32m  OK  [0m] Reached target Network is Online.
[[0;32m  OK  [0m] Reached target Remote File Systems (Pre).
[[0;32m  OK  [0m] Reached target Remote File Systems.
         Starting Availability of block devices...
[[0;32m  OK  [0m] Listening on Socket activation for snappy daemon.
[[0;32m  OK  [0m] Listening on LXD - unix socket.
[[0;32m  OK  [0m] Started Availability of block devices.
[[0;32m  OK  [0m] Reached target Sockets.
[[0;32m  OK  [0m] Reached target Basic System.
[[0;32m  OK  [0m] Started FUSE filesystem for LXC.
         Starting LXD - container startup/shutdown...
         Starting Dispatcher daemon for systemd-networkd...
         Starting LSB: automatic crash report generation...
         Starting Accounts Service...
         Starting LSB: Record successful boot for GRUB...
[[0;32m  OK  [0m] Started Deferred execution scheduler.
         Starting Message of the Day...
         Starting OpenBSD Secure Shell server...
         Starting Login Service...
         Starting Snappy daemon...
[[0;32m  OK  [0m] Started D-Bus System Message Bus.
[[0;32m  OK  [0m] Started Regular background program processing daemon.
         Starting Permit User Sessions...
         Starting Virtualbox guest utils...
         Starting System Logging Service...
[[0;32m  OK  [0m] Started irqbalance daemon.
[[0;32m  OK  [0m] Started Dispatcher daemon for systemd-networkd.
[[0;32m  OK  [0m] Started System Logging Service.
[[0;32m  OK  [0m] Started LXD - container startup/shutdown.
[[0;32m  OK  [0m] Started Permit User Sessions.
[[0;32m  OK  [0m] Started Login Service.
         Starting Authorization Manager...
[[0;32m  OK  [0m] Started Unattended Upgrades Shutdown.
         Starting Hold until boot process finishes up...
         Starting Terminate Plymouth Boot Screen...
[[0;32m  OK  [0m] Started OpenBSD Secure Shell server.
[[0;32m  OK  [0m] Started Hold until boot process finishes up.
[[0;32m  OK  [0m] Started Terminate Plymouth Boot Screen.
         Starting Set console scheme...
[[0;32m  OK  [0m] Started Serial Getty on ttyS0.
[[0;32m  OK  [0m] Started Authorization Manager.
[[0;32m  OK  [0m] Started Accounts Service.
[[0;32m  OK  [0m] Started Set console scheme.
[[0;32m  OK  [0m] Created slice system-getty.slice.
[[0;32m  OK  [0m] Started Getty on tty1.
[[0;32m  OK  [0m] Reached target Login Prompts.
[[0;32m  OK  [0m] Started LSB: automatic crash report generation.
[[0;32m  OK  [0m] Started LSB: Record successful boot for GRUB.
[[0;32m  OK  [0m] Started Virtualbox guest utils.
[[0;32m  OK  [0m] Started Snappy daemon.
         Starting Wait until snapd is fully seeded...
[[0;32m  OK  [0m] Started Wait until snapd is fully seeded.
         Starting Apply the settings specified in cloud-config...
[[0;32m  OK  [0m] Reached target Multi-User System.
[[0;32m  OK  [0m] Reached target Graphical Interface.
         Starting Update UTMP about System Runlevel Changes...
[[0;32m  OK  [0m] Started Update UTMP about System Runlevel Changes.
[[0;32m  OK  [0m] Created slice User Slice of vagrant.
         Starting User Manager for UID 1000...
[[0;32m  OK  [0m] Started Session 1 of user vagrant.
[[0;32m  OK  [0m] Started User Manager for UID 1000.
[   14.662388] cloud-init[1014]: Cloud-init v. 19.3-41-gc4735dd3-0ubuntu1~18.04.1 running 'modules:config' at Sun, 22 Mar 2020 12:09:46 +0000. Up 14.49 seconds.
[[0;32m  OK  [0m] Started Apply the settings specified in cloud-config.
         Starting Execute cloud user/final scripts...
[   15.475155] cloud-init[1091]: Cloud-init v. 19.3-41-gc4735dd3-0ubuntu1~18.04.1 running 'modules:final' at Sun, 22 Mar 2020 12:09:46 +0000. Up 15.32 seconds.
[   15.479176] cloud-init[1091]: Cloud-init v. 19.3-41-gc4735dd3-0ubuntu1~18.04.1 finished at Sun, 22 Mar 2020 12:09:47 +0000. Datasource DataSourceNoCloud [seed=/dev/sdb][dsmode=net].  Up 15.46 seconds
[[0;32m  OK  [0m] Started Execute cloud user/final scripts.
[[0;32m  OK  [0m] Reached target Cloud-init target.
[[0;32m  OK  [0m] Started Message of the Day.

Ubuntu 18.04.3 LTS ubuntu-bionic ttyS0

ubuntu-bionic login: 